Using pre-set license

 COMMAND LINE ARGUMENTS:
/Applications/Unity/Hub/Editor/2020.3.1f1/Unity.app/Contents/MacOS/Unity
-adb2
-batchMode
-noUpm
-name
AssetImportWorker0
-projectPath
/Users/ysk/ccレモン
-logFile
Logs/AssetImportWorker0.log
-srvPort
50849
Successfully changed project path to: /Users/ysk/ccレモン
/Users/ysk/ccレモン
Using Asset Import Pipeline V2.
Refreshing native plugins compatible for Editor in 39.92 ms, found 2 plugins.
Preloading 0 native plugins for Editor in 0.00 ms.
Initialize engine version: 2020.3.1f1 (77a89f25062f)
[Subsystems] Discovering subsystems at path /Applications/Unity/Hub/Editor/2020.3.1f1/Unity.app/Contents/Resources/UnitySubsystems
[Subsystems] Discovering subsystems at path /Users/ysk/ccレモン/Assets
GfxDevice: creating device client; threaded=0
2021-04-09 20:19:52.498 Unity[69034:1605100] Color LCD preferred device: Intel(R) Iris(TM) Plus Graphics 645 (low power)
2021-04-09 20:19:52.498 Unity[69034:1605100] Metal devices available: 1
2021-04-09 20:19:52.498 Unity[69034:1605100] 0: Intel(R) Iris(TM) Plus Graphics 645 (low power)
2021-04-09 20:19:52.499 Unity[69034:1605100] Using device Intel(R) Iris(TM) Plus Graphics 645 (low power)
Initializing Metal device caps: Intel(R) Iris(TM) Plus Graphics 645
Initialize mono
Mono path[0] = '/Applications/Unity/Hub/Editor/2020.3.1f1/Unity.app/Contents/Managed'
Mono path[1] = '/Applications/Unity/Hub/Editor/2020.3.1f1/Unity.app/Contents/MonoBleedingEdge/lib/mono/unityjit'
Mono config path = '/Applications/Unity/Hub/Editor/2020.3.1f1/Unity.app/Contents/MonoBleedingEdge/etc'
Using monoOptions --debugger-agent=transport=dt_socket,embedding=1,server=y,suspend=n,address=127.0.0.1:56034
Begin MonoManager ReloadAssembly
Registering precompiled unity dll's ...
Register platform support module: /Applications/Unity/Hub/Editor/2020.3.1f1/PlaybackEngines/WebGLSupport/UnityEditor.WebGL.Extensions.dll
Register platform support module: /Applications/Unity/Hub/Editor/2020.3.1f1/Unity.app/Contents/PlaybackEngines/MacStandaloneSupport/UnityEditor.OSXStandalone.Extensions.dll
Registered in 0.004633 seconds.
Native extension for OSXStandalone target not found
Native extension for WebGL target not found
Refreshing native plugins compatible for Editor in 34.36 ms, found 2 plugins.
Preloading 0 native plugins for Editor in 0.00 ms.
Invoked RoslynAnalysisRunner static constructor.
RoslynAnalysisRunner will not be running.
RoslynAnalysisRunner has terminated.
Mono: successfully reloaded assembly
- Completed reload, in  1.735 seconds
Platform modules already initialized, skipping
Registering precompiled user dll's ...
Registered in 0.001582 seconds.
Begin MonoManager ReloadAssembly
Native extension for OSXStandalone target not found
Native extension for WebGL target not found
Refreshing native plugins compatible for Editor in 36.40 ms, found 2 plugins.
Preloading 0 native plugins for Editor in 0.00 ms.
Invoked RoslynAnalysisRunner static constructor.
RoslynAnalysisRunner will not be running.
RoslynAnalysisRunner has terminated.
Mono: successfully reloaded assembly
- Completed reload, in  1.124 seconds
Platform modules already initialized, skipping
========================================================================
Worker process is ready to serve import requests
Launching external process: /Applications/Unity/Hub/Editor/2020.3.1f1/Unity.app/Contents/Tools/UnityShaderCompiler
Launched and connected shader compiler UnityShaderCompiler after 0.01 seconds
Refreshing native plugins compatible for Editor in 0.36 ms, found 2 plugins.
Preloading 0 native plugins for Editor in 0.00 ms.
Unloading 1808 Unused Serialized files (Serialized files now loaded: 0)
System memory in use before: 147.1 MB.
System memory in use after: 147.0 MB.

Unloading 24 unused Assets to reduce memory usage. Loaded Objects now: 2252.
Total: 2.871098 ms (FindLiveObjects: 0.250382 ms CreateObjectMapping: 0.068622 ms MarkObjects: 2.398407 ms  DeleteObjects: 0.151744 ms)

========================================================================
Received Import Request.
  path: Assets/Scenes/open.unity
  artifactKey: Guid(9a444e0a9627f486fb8149f044b4b8b9) Importer(815301076,1909f56bfc062723c751e8b465ee728b)
Start importing Assets/Scenes/open.unity using Guid(9a444e0a9627f486fb8149f044b4b8b9) Importer(815301076,1909f56bfc062723c751e8b465ee728b)  -> (artifact id: 'b358fcd34dc62ded7b75b58db9580fb6') in 0.019549 seconds
  Import took 0.025682 seconds .

========================================================================
Received Import Request.
  Time since last request: 272.769061 seconds.
  path: Assets/Scenes/open.unity
  artifactKey: Guid(9a444e0a9627f486fb8149f044b4b8b9) Importer(815301076,1909f56bfc062723c751e8b465ee728b)
Start importing Assets/Scenes/open.unity using Guid(9a444e0a9627f486fb8149f044b4b8b9) Importer(815301076,1909f56bfc062723c751e8b465ee728b)  -> (artifact id: 'a5b009ca44c4ac254f9f8a72848d2d5f') in 0.002540 seconds
  Import took 0.009446 seconds .

========================================================================
Received Import Request.
  Time since last request: 0.001602 seconds.
  path: Assets/Scenes/open.unity
  artifactKey: Guid(9a444e0a9627f486fb8149f044b4b8b9) Importer(815301076,1909f56bfc062723c751e8b465ee728b)
Start importing Assets/Scenes/open.unity using Guid(9a444e0a9627f486fb8149f044b4b8b9) Importer(815301076,1909f56bfc062723c751e8b465ee728b)  -> (artifact id: 'a5b009ca44c4ac254f9f8a72848d2d5f') in 0.001488 seconds
  Import took 0.007688 seconds .

========================================================================
Received Import Request.
  Time since last request: 121.933236 seconds.
  path: Assets/Scenes/open.unity
  artifactKey: Guid(9a444e0a9627f486fb8149f044b4b8b9) Importer(815301076,1909f56bfc062723c751e8b465ee728b)
Start importing Assets/Scenes/open.unity using Guid(9a444e0a9627f486fb8149f044b4b8b9) Importer(815301076,1909f56bfc062723c751e8b465ee728b)  -> (artifact id: '64c023367e4622f61bb77aeab34196ba') in 0.001320 seconds
  Import took 0.005922 seconds .

========================================================================
Received Import Request.
  Time since last request: 0.000390 seconds.
  path: Assets/Scenes/open.unity
  artifactKey: Guid(9a444e0a9627f486fb8149f044b4b8b9) Importer(815301076,1909f56bfc062723c751e8b465ee728b)
Start importing Assets/Scenes/open.unity using Guid(9a444e0a9627f486fb8149f044b4b8b9) Importer(815301076,1909f56bfc062723c751e8b465ee728b)  -> (artifact id: '64c023367e4622f61bb77aeab34196ba') in 0.001163 seconds
  Import took 0.004267 seconds .

========================================================================
Received Import Request.
  Time since last request: 21.311004 seconds.
  path: Assets/Scenes/open.unity
  artifactKey: Guid(9a444e0a9627f486fb8149f044b4b8b9) Importer(815301076,1909f56bfc062723c751e8b465ee728b)
Start importing Assets/Scenes/open.unity using Guid(9a444e0a9627f486fb8149f044b4b8b9) Importer(815301076,1909f56bfc062723c751e8b465ee728b)  -> (artifact id: '8a7144130592f7232449217baaac4a25') in 0.002404 seconds
  Import took 0.008172 seconds .

========================================================================
Received Import Request.
  Time since last request: 14.155863 seconds.
  path: Assets/script/start.cs
  artifactKey: Guid(a74df1ef2a9544f39b809690d9f4ebd5) Importer(815301076,1909f56bfc062723c751e8b465ee728b)
Start importing Assets/script/start.cs using Guid(a74df1ef2a9544f39b809690d9f4ebd5) Importer(815301076,1909f56bfc062723c751e8b465ee728b)  -> (artifact id: '2cdc8aaa088e5eb090aec38f1c82762f') in 0.338687 seconds
  Import took 0.342629 seconds .

========================================================================
Received Prepare
Registering precompiled user dll's ...
Registered in 0.001161 seconds.
Begin MonoManager ReloadAssembly
Native extension for OSXStandalone target not found
Native extension for WebGL target not found
Refreshing native plugins compatible for Editor in 0.37 ms, found 2 plugins.
Preloading 0 native plugins for Editor in 0.00 ms.
Invoked RoslynAnalysisRunner static constructor.
RoslynAnalysisRunner will not be running.
RoslynAnalysisRunner has terminated.
Mono: successfully reloaded assembly
- Completed reload, in  1.067 seconds
Platform modules already initialized, skipping
Refreshing native plugins compatible for Editor in 1.03 ms, found 2 plugins.
Preloading 0 native plugins for Editor in 0.00 ms.
Unloading 1803 Unused Serialized files (Serialized files now loaded: 0)
System memory in use before: 151.6 MB.
System memory in use after: 151.6 MB.

Unloading 12 unused Assets to reduce memory usage. Loaded Objects now: 2256.
Total: 2.228066 ms (FindLiveObjects: 0.262421 ms CreateObjectMapping: 0.063568 ms MarkObjects: 1.802621 ms  DeleteObjects: 0.098520 ms)

========================================================================
Received Import Request.
  Time since last request: 106.900225 seconds.
  path: Assets/script/start.cs
  artifactKey: Guid(a74df1ef2a9544f39b809690d9f4ebd5) Importer(815301076,1909f56bfc062723c751e8b465ee728b)
Start importing Assets/script/start.cs using Guid(a74df1ef2a9544f39b809690d9f4ebd5) Importer(815301076,1909f56bfc062723c751e8b465ee728b)  -> (artifact id: '0455d99c0d3bef3c4052b6d2d9269e70') in 0.021870 seconds
  Import took 0.025690 seconds .

========================================================================
Received Import Request.
  Time since last request: 92.843817 seconds.
  path: Assets/Scenes/SampleScene.unity
  artifactKey: Guid(2cda990e2423bbf4892e6590ba056729) Importer(815301076,1909f56bfc062723c751e8b465ee728b)
Start importing Assets/Scenes/SampleScene.unity using Guid(2cda990e2423bbf4892e6590ba056729) Importer(815301076,1909f56bfc062723c751e8b465ee728b)  -> (artifact id: 'ed1333897334653c4ca3627ae7f304b8') in 0.014631 seconds
  Import took 0.018449 seconds .

========================================================================
Received Prepare
Registering precompiled user dll's ...
Registered in 0.001667 seconds.
Begin MonoManager ReloadAssembly
Native extension for OSXStandalone target not found
Native extension for WebGL target not found
Refreshing native plugins compatible for Editor in 0.38 ms, found 2 plugins.
Preloading 0 native plugins for Editor in 0.00 ms.
Invoked RoslynAnalysisRunner static constructor.
RoslynAnalysisRunner will not be running.
RoslynAnalysisRunner has terminated.
Mono: successfully reloaded assembly
- Completed reload, in  0.983 seconds
Platform modules already initialized, skipping
Refreshing native plugins compatible for Editor in 0.44 ms, found 2 plugins.
Preloading 0 native plugins for Editor in 0.00 ms.
Unloading 1803 Unused Serialized files (Serialized files now loaded: 0)
System memory in use before: 151.9 MB.
System memory in use after: 151.9 MB.

Unloading 12 unused Assets to reduce memory usage. Loaded Objects now: 2260.
Total: 2.603819 ms (FindLiveObjects: 0.291274 ms CreateObjectMapping: 0.098843 ms MarkObjects: 2.102884 ms  DeleteObjects: 0.109371 ms)

========================================================================
Received Prepare
Registering precompiled user dll's ...
Registered in 0.000620 seconds.
Begin MonoManager ReloadAssembly
Native extension for OSXStandalone target not found
Native extension for WebGL target not found
Refreshing native plugins compatible for Editor in 0.37 ms, found 2 plugins.
Preloading 0 native plugins for Editor in 0.00 ms.
Invoked RoslynAnalysisRunner static constructor.
RoslynAnalysisRunner will not be running.
RoslynAnalysisRunner has terminated.
Mono: successfully reloaded assembly
- Completed reload, in  0.999 seconds
Platform modules already initialized, skipping
Refreshing native plugins compatible for Editor in 0.36 ms, found 2 plugins.
Preloading 0 native plugins for Editor in 0.00 ms.
Unloading 1803 Unused Serialized files (Serialized files now loaded: 0)
System memory in use before: 152.1 MB.
System memory in use after: 152.1 MB.

Unloading 12 unused Assets to reduce memory usage. Loaded Objects now: 2264.
Total: 2.717388 ms (FindLiveObjects: 0.392297 ms CreateObjectMapping: 0.157358 ms MarkObjects: 2.058851 ms  DeleteObjects: 0.107214 ms)

========================================================================
Received Import Request.
  Time since last request: 181.833890 seconds.
  path: Assets/Low Poly Fruits/Prefabs/apple.prefab
  artifactKey: Guid(426b44a7575f71e479fab4f4e8431989) Importer(815301076,1909f56bfc062723c751e8b465ee728b)
Start importing Assets/Low Poly Fruits/Prefabs/apple.prefab using Guid(426b44a7575f71e479fab4f4e8431989) Importer(815301076,1909f56bfc062723c751e8b465ee728b)  -> (artifact id: '1e1ff2fae3050fdd7d16b4698b2f2f29') in 1.422796 seconds
  Import took 1.427090 seconds .

========================================================================
Received Import Request.
  Time since last request: 0.000231 seconds.
  path: Assets/Low Poly Fruits/Prefabs/avocado.prefab
  artifactKey: Guid(2f2e54b9f3898eb46a0b47f9a4d4c52b) Importer(815301076,1909f56bfc062723c751e8b465ee728b)
Start importing Assets/Low Poly Fruits/Prefabs/avocado.prefab using Guid(2f2e54b9f3898eb46a0b47f9a4d4c52b) Importer(815301076,1909f56bfc062723c751e8b465ee728b)  -> (artifact id: '1ccd1eb6e7d967139e761c1d44c84763') in 0.010143 seconds
  Import took 0.014113 seconds .

========================================================================
Received Import Request.
  Time since last request: 0.000287 seconds.
  path: Assets/Low Poly Fruits/Prefabs/banana.prefab
  artifactKey: Guid(3ce32ffa6ccf60e4ab65d9e396f43433) Importer(815301076,1909f56bfc062723c751e8b465ee728b)
Start importing Assets/Low Poly Fruits/Prefabs/banana.prefab using Guid(3ce32ffa6ccf60e4ab65d9e396f43433) Importer(815301076,1909f56bfc062723c751e8b465ee728b)  -> (artifact id: '0ab270429abc4bdf7fa208d2fa1f0c6d') in 0.032076 seconds
  Import took 0.036351 seconds .

========================================================================
Received Import Request.
  Time since last request: 0.000249 seconds.
  path: Assets/Low Poly Fruits/Prefabs/cherries.prefab
  artifactKey: Guid(8f38e57a49b1c844081ad6bb3c553f13) Importer(815301076,1909f56bfc062723c751e8b465ee728b)
Start importing Assets/Low Poly Fruits/Prefabs/cherries.prefab using Guid(8f38e57a49b1c844081ad6bb3c553f13) Importer(815301076,1909f56bfc062723c751e8b465ee728b)  -> (artifact id: '546513a95a608cb67d18215ae736d874') in 0.013107 seconds
  Import took 0.017600 seconds .

========================================================================
Received Import Request.
  Time since last request: 37.417453 seconds.
  path: Assets/Low Poly Fruits/Materials/Fruits_Texture.png
  artifactKey: Guid(45df95f9f966e52418e878fe07503b07) Importer(815301076,1909f56bfc062723c751e8b465ee728b)
Start importing Assets/Low Poly Fruits/Materials/Fruits_Texture.png using Guid(45df95f9f966e52418e878fe07503b07) Importer(815301076,1909f56bfc062723c751e8b465ee728b)  -> (artifact id: 'bbecfb8403116017002c51132ed2ac50') in 1.261036 seconds
  Import took 1.264922 seconds .

========================================================================
Received Import Request.
  Time since last request: 0.001403 seconds.
  path: Assets/Low Poly Fruits/Materials/Fruits_Texture.png
  artifactKey: Guid(45df95f9f966e52418e878fe07503b07) Importer(815301076,1909f56bfc062723c751e8b465ee728b)
Start importing Assets/Low Poly Fruits/Materials/Fruits_Texture.png using Guid(45df95f9f966e52418e878fe07503b07) Importer(815301076,1909f56bfc062723c751e8b465ee728b)  -> (artifact id: 'bbecfb8403116017002c51132ed2ac50') in 0.006203 seconds
  Import took 0.009350 seconds .

========================================================================
Received Import Request.
  Time since last request: 0.000244 seconds.
  path: Assets/Low Poly Fruits/resources/Gradient.psd
  artifactKey: Guid(94fb1b1dc007ef84bb148bf51d4edef7) Importer(815301076,1909f56bfc062723c751e8b465ee728b)
Start importing Assets/Low Poly Fruits/resources/Gradient.psd using Guid(94fb1b1dc007ef84bb148bf51d4edef7) Importer(815301076,1909f56bfc062723c751e8b465ee728b)  -> (artifact id: 'a2b5abe1178409c50b177cd79e000534') in 1.137337 seconds
  Import took 1.140566 seconds .

========================================================================
Received Import Request.
  Time since last request: 0.000240 seconds.
  path: Assets/Low Poly Fruits/Prefabs/lemon.prefab
  artifactKey: Guid(031f4f4b1f7d8b7489da0919e18ceac3) Importer(815301076,1909f56bfc062723c751e8b465ee728b)
Start importing Assets/Low Poly Fruits/Prefabs/lemon.prefab using Guid(031f4f4b1f7d8b7489da0919e18ceac3) Importer(815301076,1909f56bfc062723c751e8b465ee728b)  -> (artifact id: '652e4b3a32b21afb441b49c02851262a') in 0.030698 seconds
  Import took 0.033740 seconds .

========================================================================
Received Import Request.
  Time since last request: 0.000254 seconds.
  path: Assets/Low Poly Fruits/resources/Low Poly Fruits Logo.psd
  artifactKey: Guid(a7dd774fbdca87d48a37218778589c48) Importer(815301076,1909f56bfc062723c751e8b465ee728b)
Start importing Assets/Low Poly Fruits/resources/Low Poly Fruits Logo.psd using Guid(a7dd774fbdca87d48a37218778589c48) Importer(815301076,1909f56bfc062723c751e8b465ee728b)  -> (artifact id: '37385a5eb5f2fb7b0500fa77a3e03263') in 0.014264 seconds
  Import took 0.018894 seconds .

========================================================================
Received Import Request.
  Time since last request: 0.000211 seconds.
  path: Assets/Low Poly Fruits/Materials/Material.001.mat
  artifactKey: Guid(2629bdb5f95d3aa4c8ff0bbc8840c7a5) Importer(815301076,1909f56bfc062723c751e8b465ee728b)
Start importing Assets/Low Poly Fruits/Materials/Material.001.mat using Guid(2629bdb5f95d3aa4c8ff0bbc8840c7a5) Importer(815301076,1909f56bfc062723c751e8b465ee728b)  -> (artifact id: '97fe470f4f21b08c56ddd00d27547256') in 0.393734 seconds
  Import took 0.397237 seconds .

========================================================================
Received Import Request.
  Time since last request: 0.830761 seconds.
  path: Assets/Low Poly Fruits/Prefabs/peach.prefab
  artifactKey: Guid(4fe5a7bcbee1651418ea031a87ff53e4) Importer(815301076,1909f56bfc062723c751e8b465ee728b)
Start importing Assets/Low Poly Fruits/Prefabs/peach.prefab using Guid(4fe5a7bcbee1651418ea031a87ff53e4) Importer(815301076,1909f56bfc062723c751e8b465ee728b)  -> (artifact id: 'b0fd25c548ae979677a30c06d297c988') in 0.012485 seconds
  Import took 0.016335 seconds .

========================================================================
Received Import Request.
  Time since last request: 0.001279 seconds.
  path: Assets/Low Poly Fruits/Prefabs/peach.prefab
  artifactKey: Guid(4fe5a7bcbee1651418ea031a87ff53e4) Importer(815301076,1909f56bfc062723c751e8b465ee728b)
Start importing Assets/Low Poly Fruits/Prefabs/peach.prefab using Guid(4fe5a7bcbee1651418ea031a87ff53e4) Importer(815301076,1909f56bfc062723c751e8b465ee728b)  -> (artifact id: 'b0fd25c548ae979677a30c06d297c988') in 0.011972 seconds
  Import took 0.015200 seconds .

========================================================================
Received Import Request.
  Time since last request: 0.000237 seconds.
  path: Assets/Low Poly Fruits/Prefabs/peanut.prefab
  artifactKey: Guid(8c8c7d8f829a2d24ebe78eddb5eaff57) Importer(815301076,1909f56bfc062723c751e8b465ee728b)
Start importing Assets/Low Poly Fruits/Prefabs/peanut.prefab using Guid(8c8c7d8f829a2d24ebe78eddb5eaff57) Importer(815301076,1909f56bfc062723c751e8b465ee728b)  -> (artifact id: '1fc8dea502ee7c58981737709986aef9') in 0.013218 seconds
  Import took 0.019947 seconds .

========================================================================
Received Import Request.
  Time since last request: 0.000285 seconds.
  path: Assets/Low Poly Fruits/Prefabs/strawberry.prefab
  artifactKey: Guid(63e523ab5d9ce7348b431ae1d689a54d) Importer(815301076,1909f56bfc062723c751e8b465ee728b)
Start importing Assets/Low Poly Fruits/Prefabs/strawberry.prefab using Guid(63e523ab5d9ce7348b431ae1d689a54d) Importer(815301076,1909f56bfc062723c751e8b465ee728b)  -> (artifact id: 'd6abcfef3869c6ae3b53f249eb071e74') in 0.014101 seconds
  Import took 0.018052 seconds .

========================================================================
Received Import Request.
  Time since last request: 0.000270 seconds.
  path: Assets/Low Poly Fruits/Prefabs/pear.prefab
  artifactKey: Guid(0f3575c567ebe8241a4a6ad511fd7017) Importer(815301076,1909f56bfc062723c751e8b465ee728b)
Start importing Assets/Low Poly Fruits/Prefabs/pear.prefab using Guid(0f3575c567ebe8241a4a6ad511fd7017) Importer(815301076,1909f56bfc062723c751e8b465ee728b)  -> (artifact id: '61b680fa9175c91540ef66a6de392bf9') in 0.023335 seconds
  Import took 0.026600 seconds .

========================================================================
Received Import Request.
  Time since last request: 2.282573 seconds.
  path: Assets/Low Poly Fruits/Prefabs/watermelon.prefab
  artifactKey: Guid(573bb482e4baeec4386587db7cc07515) Importer(815301076,1909f56bfc062723c751e8b465ee728b)
Start importing Assets/Low Poly Fruits/Prefabs/watermelon.prefab using Guid(573bb482e4baeec4386587db7cc07515) Importer(815301076,1909f56bfc062723c751e8b465ee728b)  -> (artifact id: '954fe6fa76ea4c902cd1da8ab1cff541') in 0.017039 seconds
  Import took 0.020784 seconds .

========================================================================
Received Prepare
Registering precompiled user dll's ...
Registered in 0.002291 seconds.
Begin MonoManager ReloadAssembly
Native extension for OSXStandalone target not found
Native extension for WebGL target not found
Refreshing native plugins compatible for Editor in 0.73 ms, found 2 plugins.
Preloading 0 native plugins for Editor in 0.00 ms.
Invoked RoslynAnalysisRunner static constructor.
RoslynAnalysisRunner will not be running.
RoslynAnalysisRunner has terminated.
Mono: successfully reloaded assembly
- Completed reload, in  1.027 seconds
Platform modules already initialized, skipping
Refreshing native plugins compatible for Editor in 0.38 ms, found 2 plugins.
Preloading 0 native plugins for Editor in 0.00 ms.
Unloading 1803 Unused Serialized files (Serialized files now loaded: 0)
System memory in use before: 173.2 MB.
System memory in use after: 173.1 MB.

Unloading 12 unused Assets to reduce memory usage. Loaded Objects now: 2312.
Total: 4.082121 ms (FindLiveObjects: 0.290844 ms CreateObjectMapping: 0.093566 ms MarkObjects: 3.545843 ms  DeleteObjects: 0.149991 ms)

========================================================================
Received Prepare
Registering precompiled user dll's ...
Registered in 0.001379 seconds.
Begin MonoManager ReloadAssembly
Native extension for OSXStandalone target not found
Native extension for WebGL target not found
Refreshing native plugins compatible for Editor in 0.36 ms, found 2 plugins.
Preloading 0 native plugins for Editor in 0.00 ms.
Invoked RoslynAnalysisRunner static constructor.
RoslynAnalysisRunner will not be running.
RoslynAnalysisRunner has terminated.
Mono: successfully reloaded assembly
- Completed reload, in  1.005 seconds
Platform modules already initialized, skipping
Refreshing native plugins compatible for Editor in 0.81 ms, found 2 plugins.
Preloading 0 native plugins for Editor in 0.00 ms.
Unloading 1803 Unused Serialized files (Serialized files now loaded: 0)
System memory in use before: 173.4 MB.
System memory in use after: 173.3 MB.

Unloading 12 unused Assets to reduce memory usage. Loaded Objects now: 2316.
Total: 2.216524 ms (FindLiveObjects: 0.239017 ms CreateObjectMapping: 0.072006 ms MarkObjects: 1.801774 ms  DeleteObjects: 0.102790 ms)

========================================================================
Received Import Request.
  Time since last request: 236.213979 seconds.
  path: Assets/Scenes/select.unity
  artifactKey: Guid(9a444e0a9627f486fb8149f044b4b8b9) Importer(815301076,1909f56bfc062723c751e8b465ee728b)
Start importing Assets/Scenes/select.unity using Guid(9a444e0a9627f486fb8149f044b4b8b9) Importer(815301076,1909f56bfc062723c751e8b465ee728b)  -> (artifact id: 'b8997f28f6ecc3198b140770371e784e') in 0.014030 seconds
  Import took 0.018524 seconds .

========================================================================
Received Import Request.
  Time since last request: 5.850848 seconds.
  path: Assets/Scenes/SampleScene.unity
  artifactKey: Guid(2cda990e2423bbf4892e6590ba056729) Importer(815301076,1909f56bfc062723c751e8b465ee728b)
Start importing Assets/Scenes/SampleScene.unity using Guid(2cda990e2423bbf4892e6590ba056729) Importer(815301076,1909f56bfc062723c751e8b465ee728b)  -> (artifact id: 'e4ac4d7a57439b0e5c88fb427d54113a') in 0.002084 seconds
  Import took 0.005773 seconds .

========================================================================
Received Import Request.
  Time since last request: 0.015027 seconds.
  path: Assets/Scenes/SampleScene.unity
  artifactKey: Guid(2cda990e2423bbf4892e6590ba056729) Importer(815301076,1909f56bfc062723c751e8b465ee728b)
Start importing Assets/Scenes/SampleScene.unity using Guid(2cda990e2423bbf4892e6590ba056729) Importer(815301076,1909f56bfc062723c751e8b465ee728b)  -> (artifact id: 'e4ac4d7a57439b0e5c88fb427d54113a') in 0.001228 seconds
  Import took 0.004904 seconds .

========================================================================
Received Import Request.
  Time since last request: 11.451809 seconds.
  path: Assets/Scenes/start.unity
  artifactKey: Guid(2cda990e2423bbf4892e6590ba056729) Importer(815301076,1909f56bfc062723c751e8b465ee728b)
Start importing Assets/Scenes/start.unity using Guid(2cda990e2423bbf4892e6590ba056729) Importer(815301076,1909f56bfc062723c751e8b465ee728b)  -> (artifact id: '811ed3c26c3c5b90f6db4e31ea64fc9c') in 0.002597 seconds
  Import took 0.007606 seconds .

========================================================================
Received Prepare
Registering precompiled user dll's ...
Registered in 0.000640 seconds.
Begin MonoManager ReloadAssembly
Native extension for OSXStandalone target not found
Native extension for WebGL target not found
Refreshing native plugins compatible for Editor in 0.36 ms, found 2 plugins.
Preloading 0 native plugins for Editor in 0.00 ms.
Invoked RoslynAnalysisRunner static constructor.
RoslynAnalysisRunner will not be running.
RoslynAnalysisRunner has terminated.
Mono: successfully reloaded assembly
- Completed reload, in  0.998 seconds
Platform modules already initialized, skipping
Refreshing native plugins compatible for Editor in 0.37 ms, found 2 plugins.
Preloading 0 native plugins for Editor in 0.00 ms.
Unloading 1803 Unused Serialized files (Serialized files now loaded: 0)
System memory in use before: 173.6 MB.
System memory in use after: 173.6 MB.

Unloading 12 unused Assets to reduce memory usage. Loaded Objects now: 2320.
Total: 2.580623 ms (FindLiveObjects: 0.291073 ms CreateObjectMapping: 0.091307 ms MarkObjects: 2.080806 ms  DeleteObjects: 0.115461 ms)

========================================================================
Received Import Request.
  Time since last request: 35.494200 seconds.
  path: Assets/script/start.cs
  artifactKey: Guid(a74df1ef2a9544f39b809690d9f4ebd5) Importer(815301076,1909f56bfc062723c751e8b465ee728b)
Start importing Assets/script/start.cs using Guid(a74df1ef2a9544f39b809690d9f4ebd5) Importer(815301076,1909f56bfc062723c751e8b465ee728b)  -> (artifact id: '87bfff5841c8ff299ad6ff34ca5ff339') in 0.007764 seconds
  Import took 0.013773 seconds .

========================================================================
Received Prepare
Registering precompiled user dll's ...
Registered in 0.001477 seconds.
Begin MonoManager ReloadAssembly
Native extension for OSXStandalone target not found
Native extension for WebGL target not found
Refreshing native plugins compatible for Editor in 0.41 ms, found 2 plugins.
Preloading 0 native plugins for Editor in 0.00 ms.
Invoked RoslynAnalysisRunner static constructor.
RoslynAnalysisRunner will not be running.
RoslynAnalysisRunner has terminated.
Mono: successfully reloaded assembly
- Completed reload, in  1.008 seconds
Platform modules already initialized, skipping
Refreshing native plugins compatible for Editor in 0.43 ms, found 2 plugins.
Preloading 0 native plugins for Editor in 0.00 ms.
Unloading 1803 Unused Serialized files (Serialized files now loaded: 0)
System memory in use before: 173.8 MB.
System memory in use after: 173.8 MB.

Unloading 12 unused Assets to reduce memory usage. Loaded Objects now: 2324.
Total: 2.857155 ms (FindLiveObjects: 0.316642 ms CreateObjectMapping: 0.100565 ms MarkObjects: 2.306220 ms  DeleteObjects: 0.131835 ms)

========================================================================
Received Prepare
Registering precompiled user dll's ...
Registered in 0.002197 seconds.
Begin MonoManager ReloadAssembly
Native extension for OSXStandalone target not found
Native extension for WebGL target not found
Refreshing native plugins compatible for Editor in 0.37 ms, found 2 plugins.
Preloading 0 native plugins for Editor in 0.00 ms.
Invoked RoslynAnalysisRunner static constructor.
RoslynAnalysisRunner will not be running.
RoslynAnalysisRunner has terminated.
Mono: successfully reloaded assembly
- Completed reload, in  1.050 seconds
Platform modules already initialized, skipping
Refreshing native plugins compatible for Editor in 0.39 ms, found 2 plugins.
Preloading 0 native plugins for Editor in 0.00 ms.
Unloading 1803 Unused Serialized files (Serialized files now loaded: 0)
System memory in use before: 174.0 MB.
System memory in use after: 174.0 MB.

Unloading 12 unused Assets to reduce memory usage. Loaded Objects now: 2328.
Total: 2.631557 ms (FindLiveObjects: 0.423732 ms CreateObjectMapping: 0.198616 ms MarkObjects: 1.880647 ms  DeleteObjects: 0.127296 ms)

========================================================================
Received Prepare
Registering precompiled user dll's ...
Registered in 0.001607 seconds.
Begin MonoManager ReloadAssembly
Native extension for OSXStandalone target not found
Native extension for WebGL target not found
Refreshing native plugins compatible for Editor in 0.41 ms, found 2 plugins.
Preloading 0 native plugins for Editor in 0.00 ms.
Invoked RoslynAnalysisRunner static constructor.
RoslynAnalysisRunner will not be running.
RoslynAnalysisRunner has terminated.
Mono: successfully reloaded assembly
- Completed reload, in  0.972 seconds
Platform modules already initialized, skipping
Refreshing native plugins compatible for Editor in 0.36 ms, found 2 plugins.
Preloading 0 native plugins for Editor in 0.00 ms.
Unloading 1803 Unused Serialized files (Serialized files now loaded: 0)
System memory in use before: 174.3 MB.
System memory in use after: 174.2 MB.

Unloading 12 unused Assets to reduce memory usage. Loaded Objects now: 2332.
Total: 2.243047 ms (FindLiveObjects: 0.269770 ms CreateObjectMapping: 0.053588 ms MarkObjects: 1.811304 ms  DeleteObjects: 0.107584 ms)

========================================================================
Received Prepare
Registering precompiled user dll's ...
Registered in 0.000761 seconds.
Begin MonoManager ReloadAssembly
Native extension for OSXStandalone target not found
Native extension for WebGL target not found
Refreshing native plugins compatible for Editor in 0.38 ms, found 2 plugins.
Preloading 0 native plugins for Editor in 0.00 ms.
Invoked RoslynAnalysisRunner static constructor.
RoslynAnalysisRunner will not be running.
RoslynAnalysisRunner has terminated.
Mono: successfully reloaded assembly
- Completed reload, in  1.025 seconds
Platform modules already initialized, skipping
Refreshing native plugins compatible for Editor in 0.40 ms, found 2 plugins.
Preloading 0 native plugins for Editor in 0.00 ms.
Unloading 1803 Unused Serialized files (Serialized files now loaded: 0)
System memory in use before: 174.5 MB.
System memory in use after: 174.4 MB.

Unloading 12 unused Assets to reduce memory usage. Loaded Objects now: 2336.
Total: 2.748015 ms (FindLiveObjects: 0.258401 ms CreateObjectMapping: 0.067134 ms MarkObjects: 2.289151 ms  DeleteObjects: 0.131740 ms)

========================================================================
Received Prepare
Registering precompiled user dll's ...
Registered in 0.002109 seconds.
Begin MonoManager ReloadAssembly
Native extension for OSXStandalone target not found
Native extension for WebGL target not found
Refreshing native plugins compatible for Editor in 0.37 ms, found 2 plugins.
Preloading 0 native plugins for Editor in 0.00 ms.
Invoked RoslynAnalysisRunner static constructor.
RoslynAnalysisRunner will not be running.
RoslynAnalysisRunner has terminated.
Mono: successfully reloaded assembly
- Completed reload, in  1.046 seconds
Platform modules already initialized, skipping
Refreshing native plugins compatible for Editor in 0.44 ms, found 2 plugins.
Preloading 0 native plugins for Editor in 0.00 ms.
Unloading 1803 Unused Serialized files (Serialized files now loaded: 0)
System memory in use before: 174.7 MB.
System memory in use after: 174.6 MB.

Unloading 12 unused Assets to reduce memory usage. Loaded Objects now: 2340.
Total: 2.758537 ms (FindLiveObjects: 0.383695 ms CreateObjectMapping: 0.108837 ms MarkObjects: 2.116379 ms  DeleteObjects: 0.146451 ms)

========================================================================
Received Import Request.
  Time since last request: 248.957408 seconds.
  path: Assets/script/start.cs
  artifactKey: Guid(a74df1ef2a9544f39b809690d9f4ebd5) Importer(815301076,1909f56bfc062723c751e8b465ee728b)
Start importing Assets/script/start.cs using Guid(a74df1ef2a9544f39b809690d9f4ebd5) Importer(815301076,1909f56bfc062723c751e8b465ee728b)  -> (artifact id: 'ad791a32463360c654d57dd20f694753') in 0.004010 seconds
  Import took 0.008434 seconds .

========================================================================
Received Import Request.
  Time since last request: 0.000739 seconds.
  path: Assets/script/start.cs
  artifactKey: Guid(a74df1ef2a9544f39b809690d9f4ebd5) Importer(815301076,1909f56bfc062723c751e8b465ee728b)
Start importing Assets/script/start.cs using Guid(a74df1ef2a9544f39b809690d9f4ebd5) Importer(815301076,1909f56bfc062723c751e8b465ee728b)  -> (artifact id: 'ad791a32463360c654d57dd20f694753') in 0.001912 seconds
  Import took 0.006062 seconds .

========================================================================
Received Prepare
Registering precompiled user dll's ...
Registered in 0.000589 seconds.
Begin MonoManager ReloadAssembly
Native extension for OSXStandalone target not found
Native extension for WebGL target not found
Refreshing native plugins compatible for Editor in 0.40 ms, found 2 plugins.
Preloading 0 native plugins for Editor in 0.00 ms.
Invoked RoslynAnalysisRunner static constructor.
RoslynAnalysisRunner will not be running.
RoslynAnalysisRunner has terminated.
Mono: successfully reloaded assembly
- Completed reload, in  1.028 seconds
Platform modules already initialized, skipping
Refreshing native plugins compatible for Editor in 0.32 ms, found 2 plugins.
Preloading 0 native plugins for Editor in 0.00 ms.
Unloading 1803 Unused Serialized files (Serialized files now loaded: 0)
System memory in use before: 174.9 MB.
System memory in use after: 174.9 MB.

Unloading 12 unused Assets to reduce memory usage. Loaded Objects now: 2344.
Total: 2.202214 ms (FindLiveObjects: 0.298819 ms CreateObjectMapping: 0.082311 ms MarkObjects: 1.709500 ms  DeleteObjects: 0.110131 ms)

========================================================================
Received Prepare
Registering precompiled user dll's ...
Registered in 0.001885 seconds.
Begin MonoManager ReloadAssembly
Native extension for OSXStandalone target not found
Native extension for WebGL target not found
Refreshing native plugins compatible for Editor in 0.38 ms, found 2 plugins.
Preloading 0 native plugins for Editor in 0.00 ms.
Invoked RoslynAnalysisRunner static constructor.
RoslynAnalysisRunner will not be running.
RoslynAnalysisRunner has terminated.
Mono: successfully reloaded assembly
- Completed reload, in  1.004 seconds
Platform modules already initialized, skipping
Refreshing native plugins compatible for Editor in 0.53 ms, found 2 plugins.
Preloading 0 native plugins for Editor in 0.00 ms.
Unloading 1803 Unused Serialized files (Serialized files now loaded: 0)
System memory in use before: 175.1 MB.
System memory in use after: 175.1 MB.

Unloading 12 unused Assets to reduce memory usage. Loaded Objects now: 2348.
Total: 4.118526 ms (FindLiveObjects: 0.452975 ms CreateObjectMapping: 0.173147 ms MarkObjects: 3.274199 ms  DeleteObjects: 0.215172 ms)

========================================================================
Received Import Request.
  Time since last request: 148.240334 seconds.
  path: Assets/script/start.cs
  artifactKey: Guid(a74df1ef2a9544f39b809690d9f4ebd5) Importer(815301076,1909f56bfc062723c751e8b465ee728b)
Start importing Assets/script/start.cs using Guid(a74df1ef2a9544f39b809690d9f4ebd5) Importer(815301076,1909f56bfc062723c751e8b465ee728b)  -> (artifact id: '75f8c576a1515727ef7f6bde0c28bedb') in 0.004208 seconds
  Import took 0.008318 seconds .

========================================================================
Received Prepare
Registering precompiled user dll's ...
Registered in 0.002438 seconds.
Begin MonoManager ReloadAssembly
Native extension for OSXStandalone target not found
Native extension for WebGL target not found
Refreshing native plugins compatible for Editor in 0.38 ms, found 2 plugins.
Preloading 0 native plugins for Editor in 0.00 ms.
Invoked RoslynAnalysisRunner static constructor.
RoslynAnalysisRunner will not be running.
RoslynAnalysisRunner has terminated.
Mono: successfully reloaded assembly
- Completed reload, in  1.114 seconds
Platform modules already initialized, skipping
Refreshing native plugins compatible for Editor in 0.77 ms, found 2 plugins.
Preloading 0 native plugins for Editor in 0.00 ms.
Unloading 1803 Unused Serialized files (Serialized files now loaded: 0)
System memory in use before: 175.3 MB.
System memory in use after: 175.3 MB.

Unloading 12 unused Assets to reduce memory usage. Loaded Objects now: 2352.
Total: 4.325051 ms (FindLiveObjects: 0.501870 ms CreateObjectMapping: 0.297283 ms MarkObjects: 3.354985 ms  DeleteObjects: 0.165574 ms)

========================================================================
Received Prepare
Registering precompiled user dll's ...
Registered in 0.000744 seconds.
Begin MonoManager ReloadAssembly
Native extension for OSXStandalone target not found
Native extension for WebGL target not found
Refreshing native plugins compatible for Editor in 0.37 ms, found 2 plugins.
Preloading 0 native plugins for Editor in 0.00 ms.
Invoked RoslynAnalysisRunner static constructor.
RoslynAnalysisRunner will not be running.
RoslynAnalysisRunner has terminated.
Mono: successfully reloaded assembly
- Completed reload, in  0.968 seconds
Platform modules already initialized, skipping
Refreshing native plugins compatible for Editor in 0.37 ms, found 2 plugins.
Preloading 0 native plugins for Editor in 0.00 ms.
Unloading 1803 Unused Serialized files (Serialized files now loaded: 0)
System memory in use before: 175.5 MB.
System memory in use after: 175.5 MB.

Unloading 12 unused Assets to reduce memory usage. Loaded Objects now: 2356.
Total: 2.944541 ms (FindLiveObjects: 0.392502 ms CreateObjectMapping: 0.102031 ms MarkObjects: 2.305670 ms  DeleteObjects: 0.141860 ms)

========================================================================
Received Prepare
Registering precompiled user dll's ...
Registered in 0.000575 seconds.
Begin MonoManager ReloadAssembly
Native extension for OSXStandalone target not found
Native extension for WebGL target not found
Refreshing native plugins compatible for Editor in 0.35 ms, found 2 plugins.
Preloading 0 native plugins for Editor in 0.00 ms.
Invoked RoslynAnalysisRunner static constructor.
RoslynAnalysisRunner will not be running.
RoslynAnalysisRunner has terminated.
Mono: successfully reloaded assembly
- Completed reload, in  0.996 seconds
Platform modules already initialized, skipping
Refreshing native plugins compatible for Editor in 0.36 ms, found 2 plugins.
Preloading 0 native plugins for Editor in 0.00 ms.
Unloading 1803 Unused Serialized files (Serialized files now loaded: 0)
System memory in use before: 175.7 MB.
System memory in use after: 175.7 MB.

Unloading 12 unused Assets to reduce memory usage. Loaded Objects now: 2360.
Total: 2.397700 ms (FindLiveObjects: 0.278366 ms CreateObjectMapping: 0.090177 ms MarkObjects: 1.907881 ms  DeleteObjects: 0.119230 ms)

========================================================================
Received Prepare
Registering precompiled user dll's ...
Registered in 0.000551 seconds.
Begin MonoManager ReloadAssembly
Native extension for OSXStandalone target not found
Native extension for WebGL target not found
Refreshing native plugins compatible for Editor in 0.37 ms, found 2 plugins.
Preloading 0 native plugins for Editor in 0.00 ms.
Invoked RoslynAnalysisRunner static constructor.
RoslynAnalysisRunner will not be running.
RoslynAnalysisRunner has terminated.
Mono: successfully reloaded assembly
- Completed reload, in  1.002 seconds
Platform modules already initialized, skipping
Refreshing native plugins compatible for Editor in 0.43 ms, found 2 plugins.
Preloading 0 native plugins for Editor in 0.00 ms.
Unloading 1803 Unused Serialized files (Serialized files now loaded: 0)
System memory in use before: 175.9 MB.
System memory in use after: 175.9 MB.

Unloading 12 unused Assets to reduce memory usage. Loaded Objects now: 2364.
Total: 2.407315 ms (FindLiveObjects: 0.261005 ms CreateObjectMapping: 0.067152 ms MarkObjects: 1.943925 ms  DeleteObjects: 0.134285 ms)

========================================================================
Received Prepare
Registering precompiled user dll's ...
Registered in 0.000639 seconds.
Begin MonoManager ReloadAssembly
Native extension for OSXStandalone target not found
Native extension for WebGL target not found
Refreshing native plugins compatible for Editor in 0.36 ms, found 2 plugins.
Preloading 0 native plugins for Editor in 0.00 ms.
Invoked RoslynAnalysisRunner static constructor.
RoslynAnalysisRunner will not be running.
RoslynAnalysisRunner has terminated.
Mono: successfully reloaded assembly
- Completed reload, in  1.013 seconds
Platform modules already initialized, skipping
Refreshing native plugins compatible for Editor in 0.35 ms, found 2 plugins.
Preloading 0 native plugins for Editor in 0.00 ms.
Unloading 1803 Unused Serialized files (Serialized files now loaded: 0)
System memory in use before: 176.1 MB.
System memory in use after: 176.1 MB.

Unloading 12 unused Assets to reduce memory usage. Loaded Objects now: 2368.
Total: 2.203354 ms (FindLiveObjects: 0.352925 ms CreateObjectMapping: 0.083267 ms MarkObjects: 1.639715 ms  DeleteObjects: 0.126195 ms)

========================================================================
Received Import Request.
  Time since last request: 466.082248 seconds.
  path: Assets/script/start.cs
  artifactKey: Guid(a74df1ef2a9544f39b809690d9f4ebd5) Importer(815301076,1909f56bfc062723c751e8b465ee728b)
Start importing Assets/script/start.cs using Guid(a74df1ef2a9544f39b809690d9f4ebd5) Importer(815301076,1909f56bfc062723c751e8b465ee728b)  -> (artifact id: '12579318e23714dc392826eeaf13b9d1') in 0.016894 seconds
  Import took 0.022938 seconds .

========================================================================
Received Prepare
Registering precompiled user dll's ...
Registered in 0.000773 seconds.
Begin MonoManager ReloadAssembly
Native extension for OSXStandalone target not found
Native extension for WebGL target not found
Refreshing native plugins compatible for Editor in 0.39 ms, found 2 plugins.
Preloading 0 native plugins for Editor in 0.00 ms.
Invoked RoslynAnalysisRunner static constructor.
RoslynAnalysisRunner will not be running.
RoslynAnalysisRunner has terminated.
Mono: successfully reloaded assembly
- Completed reload, in  1.030 seconds
Platform modules already initialized, skipping
Refreshing native plugins compatible for Editor in 0.42 ms, found 2 plugins.
Preloading 0 native plugins for Editor in 0.00 ms.
Unloading 1803 Unused Serialized files (Serialized files now loaded: 0)
System memory in use before: 176.3 MB.
System memory in use after: 176.3 MB.

Unloading 12 unused Assets to reduce memory usage. Loaded Objects now: 2372.
Total: 2.020129 ms (FindLiveObjects: 0.223122 ms CreateObjectMapping: 0.062038 ms MarkObjects: 1.629297 ms  DeleteObjects: 0.104440 ms)

========================================================================
Received Prepare
Registering precompiled user dll's ...
Registered in 0.001253 seconds.
Begin MonoManager ReloadAssembly
Native extension for OSXStandalone target not found
Native extension for WebGL target not found
Refreshing native plugins compatible for Editor in 0.41 ms, found 2 plugins.
Preloading 0 native plugins for Editor in 0.00 ms.
Invoked RoslynAnalysisRunner static constructor.
RoslynAnalysisRunner will not be running.
RoslynAnalysisRunner has terminated.
Mono: successfully reloaded assembly
- Completed reload, in  0.999 seconds
Platform modules already initialized, skipping
Refreshing native plugins compatible for Editor in 0.45 ms, found 2 plugins.
Preloading 0 native plugins for Editor in 0.00 ms.
Unloading 1803 Unused Serialized files (Serialized files now loaded: 0)
System memory in use before: 176.5 MB.
System memory in use after: 176.5 MB.

Unloading 12 unused Assets to reduce memory usage. Loaded Objects now: 2376.
Total: 2.445595 ms (FindLiveObjects: 0.263772 ms CreateObjectMapping: 0.067861 ms MarkObjects: 1.987929 ms  DeleteObjects: 0.124822 ms)

========================================================================
Received Import Request.
  Time since last request: 82.505093 seconds.
  path: Assets/script/start.cs
  artifactKey: Guid(a74df1ef2a9544f39b809690d9f4ebd5) Importer(815301076,1909f56bfc062723c751e8b465ee728b)
Start importing Assets/script/start.cs using Guid(a74df1ef2a9544f39b809690d9f4ebd5) Importer(815301076,1909f56bfc062723c751e8b465ee728b)  -> (artifact id: 'cc634470931e6d7138b2edcb8fb56421') in 0.013187 seconds
  Import took 0.022565 seconds .

========================================================================
Received Prepare
Registering precompiled user dll's ...
Registered in 0.002366 seconds.
Begin MonoManager ReloadAssembly
Native extension for OSXStandalone target not found
Native extension for WebGL target not found
Refreshing native plugins compatible for Editor in 0.36 ms, found 2 plugins.
Preloading 0 native plugins for Editor in 0.00 ms.
Invoked RoslynAnalysisRunner static constructor.
RoslynAnalysisRunner will not be running.
RoslynAnalysisRunner has terminated.
Mono: successfully reloaded assembly
- Completed reload, in  1.064 seconds
Platform modules already initialized, skipping
Refreshing native plugins compatible for Editor in 0.41 ms, found 2 plugins.
Preloading 0 native plugins for Editor in 0.00 ms.
Unloading 1803 Unused Serialized files (Serialized files now loaded: 0)
System memory in use before: 176.8 MB.
System memory in use after: 176.8 MB.

Unloading 12 unused Assets to reduce memory usage. Loaded Objects now: 2380.
Total: 3.616809 ms (FindLiveObjects: 0.386793 ms CreateObjectMapping: 0.097498 ms MarkObjects: 2.943558 ms  DeleteObjects: 0.185704 ms)

========================================================================
Received Import Request.
  Time since last request: 612.330684 seconds.
  path: Assets/Scenes/start.unity
  artifactKey: Guid(2cda990e2423bbf4892e6590ba056729) Importer(815301076,1909f56bfc062723c751e8b465ee728b)
Start importing Assets/Scenes/start.unity using Guid(2cda990e2423bbf4892e6590ba056729) Importer(815301076,1909f56bfc062723c751e8b465ee728b)  -> (artifact id: 'd8b5dc091dc9a9ce2c999549ad5fdcd8') in 0.015228 seconds
  Import took 0.020388 seconds .

========================================================================
Received Import Request.
  Time since last request: 13.525560 seconds.
  path: Assets/Scenes/select.unity
  artifactKey: Guid(9a444e0a9627f486fb8149f044b4b8b9) Importer(815301076,1909f56bfc062723c751e8b465ee728b)
Start importing Assets/Scenes/select.unity using Guid(9a444e0a9627f486fb8149f044b4b8b9) Importer(815301076,1909f56bfc062723c751e8b465ee728b)  -> (artifact id: '0a46587d0d38f17403fc725a7110a56e') in 0.002269 seconds
  Import took 0.006038 seconds .

========================================================================
Received Import Request.
  Time since last request: 170.821398 seconds.
  path: Assets/script/game.cs
  artifactKey: Guid(0af21323fe34e4dba98e6a83585d37c4) Importer(815301076,1909f56bfc062723c751e8b465ee728b)
Start importing Assets/script/game.cs using Guid(0af21323fe34e4dba98e6a83585d37c4) Importer(815301076,1909f56bfc062723c751e8b465ee728b)  -> (artifact id: '89ff331ba9ba01265d00ba5fc31cf499') in 0.004416 seconds
  Import took 0.008458 seconds .

========================================================================
Received Prepare
Registering precompiled user dll's ...
Registered in 0.000575 seconds.
Begin MonoManager ReloadAssembly
Native extension for OSXStandalone target not found
Native extension for WebGL target not found
Refreshing native plugins compatible for Editor in 0.40 ms, found 2 plugins.
Preloading 0 native plugins for Editor in 0.00 ms.
Invoked RoslynAnalysisRunner static constructor.
RoslynAnalysisRunner will not be running.
RoslynAnalysisRunner has terminated.
Mono: successfully reloaded assembly
- Completed reload, in  1.014 seconds
Platform modules already initialized, skipping
Refreshing native plugins compatible for Editor in 0.36 ms, found 2 plugins.
Preloading 0 native plugins for Editor in 0.00 ms.
Unloading 1804 Unused Serialized files (Serialized files now loaded: 0)
System memory in use before: 177.1 MB.
System memory in use after: 177.1 MB.

Unloading 12 unused Assets to reduce memory usage. Loaded Objects now: 2385.
Total: 2.464184 ms (FindLiveObjects: 0.299309 ms CreateObjectMapping: 0.089437 ms MarkObjects: 1.940592 ms  DeleteObjects: 0.133179 ms)

========================================================================
Received Import Request.
  Time since last request: 8.529195 seconds.
  path: Assets/script/play.cs
  artifactKey: Guid(0af21323fe34e4dba98e6a83585d37c4) Importer(815301076,1909f56bfc062723c751e8b465ee728b)
Start importing Assets/script/play.cs using Guid(0af21323fe34e4dba98e6a83585d37c4) Importer(815301076,1909f56bfc062723c751e8b465ee728b)  -> (artifact id: '799b3405d6643eaf1e3fd4365965ef7e') in 0.006354 seconds
  Import took 0.009820 seconds .

========================================================================
Received Prepare
Registering precompiled user dll's ...
Registered in 0.000572 seconds.
Begin MonoManager ReloadAssembly
Native extension for OSXStandalone target not found
Native extension for WebGL target not found
Refreshing native plugins compatible for Editor in 0.37 ms, found 2 plugins.
Preloading 0 native plugins for Editor in 0.00 ms.
Invoked RoslynAnalysisRunner static constructor.
RoslynAnalysisRunner will not be running.
RoslynAnalysisRunner has terminated.
Mono: successfully reloaded assembly
- Completed reload, in  0.991 seconds
Platform modules already initialized, skipping
Refreshing native plugins compatible for Editor in 0.35 ms, found 2 plugins.
Preloading 0 native plugins for Editor in 0.00 ms.
Unloading 1804 Unused Serialized files (Serialized files now loaded: 0)
System memory in use before: 177.3 MB.
System memory in use after: 177.3 MB.

Unloading 12 unused Assets to reduce memory usage. Loaded Objects now: 2389.
Total: 2.538371 ms (FindLiveObjects: 0.351601 ms CreateObjectMapping: 0.118814 ms MarkObjects: 1.943921 ms  DeleteObjects: 0.122587 ms)

========================================================================
Received Prepare
Registering precompiled user dll's ...
Registered in 0.000577 seconds.
Begin MonoManager ReloadAssembly
Native extension for OSXStandalone target not found
Native extension for WebGL target not found
Refreshing native plugins compatible for Editor in 0.36 ms, found 2 plugins.
Preloading 0 native plugins for Editor in 0.00 ms.
Invoked RoslynAnalysisRunner static constructor.
RoslynAnalysisRunner will not be running.
RoslynAnalysisRunner has terminated.
Mono: successfully reloaded assembly
- Completed reload, in  0.989 seconds
Platform modules already initialized, skipping
Refreshing native plugins compatible for Editor in 0.36 ms, found 2 plugins.
Preloading 0 native plugins for Editor in 0.00 ms.
Unloading 1804 Unused Serialized files (Serialized files now loaded: 0)
System memory in use before: 177.5 MB.
System memory in use after: 177.5 MB.

Unloading 12 unused Assets to reduce memory usage. Loaded Objects now: 2393.
Total: 2.555706 ms (FindLiveObjects: 0.300106 ms CreateObjectMapping: 0.097097 ms MarkObjects: 2.038710 ms  DeleteObjects: 0.118073 ms)

========================================================================
Received Import Request.
  Time since last request: 63.191658 seconds.
  path: Assets/script/play.cs
  artifactKey: Guid(0af21323fe34e4dba98e6a83585d37c4) Importer(815301076,1909f56bfc062723c751e8b465ee728b)
Start importing Assets/script/play.cs using Guid(0af21323fe34e4dba98e6a83585d37c4) Importer(815301076,1909f56bfc062723c751e8b465ee728b)  -> (artifact id: '34b4aa11150fdab4c714481b49c89055') in 0.006805 seconds
  Import took 0.013003 seconds .

========================================================================
Received Import Request.
  Time since last request: 55.046153 seconds.
  path: Assets/Scenes/game.unity
  artifactKey: Guid(d1317a70b9d2141979509283840c9a2a) Importer(815301076,1909f56bfc062723c751e8b465ee728b)
Start importing Assets/Scenes/game.unity using Guid(d1317a70b9d2141979509283840c9a2a) Importer(815301076,1909f56bfc062723c751e8b465ee728b)  -> (artifact id: 'bcf9b75dc36cf307ae1c1a76fc4e8bbf') in 0.015351 seconds
  Import took 0.020186 seconds .

========================================================================
Received Import Request.
  Time since last request: 0.000685 seconds.
  path: Assets/Scenes/game.unity
  artifactKey: Guid(d1317a70b9d2141979509283840c9a2a) Importer(815301076,1909f56bfc062723c751e8b465ee728b)
Start importing Assets/Scenes/game.unity using Guid(d1317a70b9d2141979509283840c9a2a) Importer(815301076,1909f56bfc062723c751e8b465ee728b)  -> (artifact id: 'bcf9b75dc36cf307ae1c1a76fc4e8bbf') in 0.003579 seconds
  Import took 0.010659 seconds .

========================================================================
Received Import Request.
  Time since last request: 11.525333 seconds.
  path: Assets/Scenes/play.unity
  artifactKey: Guid(d1317a70b9d2141979509283840c9a2a) Importer(815301076,1909f56bfc062723c751e8b465ee728b)
Start importing Assets/Scenes/play.unity using Guid(d1317a70b9d2141979509283840c9a2a) Importer(815301076,1909f56bfc062723c751e8b465ee728b)  -> (artifact id: 'cfad02993a100fb5cf488375ec08d6be') in 0.001509 seconds
  Import took 0.006944 seconds .

========================================================================
Received Prepare
Registering precompiled user dll's ...
Registered in 0.000662 seconds.
Begin MonoManager ReloadAssembly
Native extension for OSXStandalone target not found
Native extension for WebGL target not found
Refreshing native plugins compatible for Editor in 0.44 ms, found 2 plugins.
Preloading 0 native plugins for Editor in 0.00 ms.
Invoked RoslynAnalysisRunner static constructor.
RoslynAnalysisRunner will not be running.
RoslynAnalysisRunner has terminated.
Mono: successfully reloaded assembly
- Completed reload, in  0.991 seconds
Platform modules already initialized, skipping
Refreshing native plugins compatible for Editor in 0.37 ms, found 2 plugins.
Preloading 0 native plugins for Editor in 0.00 ms.
Unloading 1804 Unused Serialized files (Serialized files now loaded: 0)
System memory in use before: 177.7 MB.
System memory in use after: 177.7 MB.

Unloading 12 unused Assets to reduce memory usage. Loaded Objects now: 2397.
Total: 2.725062 ms (FindLiveObjects: 0.297647 ms CreateObjectMapping: 0.092648 ms MarkObjects: 2.200707 ms  DeleteObjects: 0.132056 ms)

========================================================================
Received Import Request.
  Time since last request: 31.188122 seconds.
  path: Assets/script/play.cs
  artifactKey: Guid(0af21323fe34e4dba98e6a83585d37c4) Importer(815301076,1909f56bfc062723c751e8b465ee728b)
Start importing Assets/script/play.cs using Guid(0af21323fe34e4dba98e6a83585d37c4) Importer(815301076,1909f56bfc062723c751e8b465ee728b)  -> (artifact id: 'd2925f331e2adba14fa875c616c0e8bf') in 0.006751 seconds
  Import took 0.013098 seconds .

========================================================================
Received Import Request.
  Time since last request: 2.564621 seconds.
  path: Assets/Scenes/select.unity
  artifactKey: Guid(9a444e0a9627f486fb8149f044b4b8b9) Importer(815301076,1909f56bfc062723c751e8b465ee728b)
Start importing Assets/Scenes/select.unity using Guid(9a444e0a9627f486fb8149f044b4b8b9) Importer(815301076,1909f56bfc062723c751e8b465ee728b)  -> (artifact id: '92efd706549095c4e589a617809684f4') in 0.014206 seconds
  Import took 0.020517 seconds .

========================================================================
Received Prepare
Registering precompiled user dll's ...
Registered in 0.000613 seconds.
Begin MonoManager ReloadAssembly
Native extension for OSXStandalone target not found
Native extension for WebGL target not found
Refreshing native plugins compatible for Editor in 0.42 ms, found 2 plugins.
Preloading 0 native plugins for Editor in 0.00 ms.
Invoked RoslynAnalysisRunner static constructor.
RoslynAnalysisRunner will not be running.
RoslynAnalysisRunner has terminated.
Mono: successfully reloaded assembly
- Completed reload, in  1.011 seconds
Platform modules already initialized, skipping
Refreshing native plugins compatible for Editor in 0.33 ms, found 2 plugins.
Preloading 0 native plugins for Editor in 0.00 ms.
Unloading 1804 Unused Serialized files (Serialized files now loaded: 0)
System memory in use before: 178.0 MB.
System memory in use after: 177.9 MB.

Unloading 12 unused Assets to reduce memory usage. Loaded Objects now: 2401.
Total: 2.601126 ms (FindLiveObjects: 0.266101 ms CreateObjectMapping: 0.077327 ms MarkObjects: 2.154381 ms  DeleteObjects: 0.102076 ms)

========================================================================
Received Import Request.
  Time since last request: 182.142354 seconds.
  path: Assets/script/play.cs
  artifactKey: Guid(0af21323fe34e4dba98e6a83585d37c4) Importer(815301076,1909f56bfc062723c751e8b465ee728b)
Start importing Assets/script/play.cs using Guid(0af21323fe34e4dba98e6a83585d37c4) Importer(815301076,1909f56bfc062723c751e8b465ee728b)  -> (artifact id: '74d221f9355f0b83057a3a57c352e1aa') in 0.004187 seconds
  Import took 0.007597 seconds .

========================================================================
Received Import Request.
  Time since last request: 3.716474 seconds.
  path: Assets/script/selecr.cs
  artifactKey: Guid(0af21323fe34e4dba98e6a83585d37c4) Importer(815301076,1909f56bfc062723c751e8b465ee728b)
Start importing Assets/script/selecr.cs using Guid(0af21323fe34e4dba98e6a83585d37c4) Importer(815301076,1909f56bfc062723c751e8b465ee728b)  -> (artifact id: 'ff6ee8e164c2b4f1c059628658faabc0') in 0.001694 seconds
  Import took 0.005134 seconds .

========================================================================
Received Prepare
Registering precompiled user dll's ...
Registered in 0.000653 seconds.
Begin MonoManager ReloadAssembly
Native extension for OSXStandalone target not found
Native extension for WebGL target not found
Refreshing native plugins compatible for Editor in 0.36 ms, found 2 plugins.
Preloading 0 native plugins for Editor in 0.00 ms.
Invoked RoslynAnalysisRunner static constructor.
RoslynAnalysisRunner will not be running.
RoslynAnalysisRunner has terminated.
Mono: successfully reloaded assembly
- Completed reload, in  0.979 seconds
Platform modules already initialized, skipping
Refreshing native plugins compatible for Editor in 0.37 ms, found 2 plugins.
Preloading 0 native plugins for Editor in 0.00 ms.
Unloading 1804 Unused Serialized files (Serialized files now loaded: 0)
System memory in use before: 178.2 MB.
System memory in use after: 178.1 MB.

Unloading 12 unused Assets to reduce memory usage. Loaded Objects now: 2405.
Total: 2.175441 ms (FindLiveObjects: 0.212605 ms CreateObjectMapping: 0.054130 ms MarkObjects: 1.752052 ms  DeleteObjects: 0.154985 ms)

========================================================================
Received Import Request.
  Time since last request: 8.165011 seconds.
  path: Assets/script/select.cs
  artifactKey: Guid(0af21323fe34e4dba98e6a83585d37c4) Importer(815301076,1909f56bfc062723c751e8b465ee728b)
Start importing Assets/script/select.cs using Guid(0af21323fe34e4dba98e6a83585d37c4) Importer(815301076,1909f56bfc062723c751e8b465ee728b)  -> (artifact id: 'd01363a570b9de83c88eee7c1ef485a4') in 0.005196 seconds
  Import took 0.008776 seconds .

========================================================================
Received Import Request.
  Time since last request: 0.000635 seconds.
  path: Assets/script/select.cs
  artifactKey: Guid(0af21323fe34e4dba98e6a83585d37c4) Importer(815301076,1909f56bfc062723c751e8b465ee728b)
Start importing Assets/script/select.cs using Guid(0af21323fe34e4dba98e6a83585d37c4) Importer(815301076,1909f56bfc062723c751e8b465ee728b)  -> (artifact id: 'd01363a570b9de83c88eee7c1ef485a4') in 0.001167 seconds
  Import took 0.003984 seconds .

========================================================================
Received Prepare
Registering precompiled user dll's ...
Registered in 0.000587 seconds.
Begin MonoManager ReloadAssembly
Native extension for OSXStandalone target not found
Native extension for WebGL target not found
Refreshing native plugins compatible for Editor in 0.41 ms, found 2 plugins.
Preloading 0 native plugins for Editor in 0.00 ms.
Invoked RoslynAnalysisRunner static constructor.
RoslynAnalysisRunner will not be running.
RoslynAnalysisRunner has terminated.
Mono: successfully reloaded assembly
- Completed reload, in  1.014 seconds
Platform modules already initialized, skipping
Refreshing native plugins compatible for Editor in 0.35 ms, found 2 plugins.
Preloading 0 native plugins for Editor in 0.00 ms.
Unloading 1804 Unused Serialized files (Serialized files now loaded: 0)
System memory in use before: 178.4 MB.
System memory in use after: 178.3 MB.

Unloading 12 unused Assets to reduce memory usage. Loaded Objects now: 2409.
Total: 2.474837 ms (FindLiveObjects: 0.311012 ms CreateObjectMapping: 0.090549 ms MarkObjects: 1.890753 ms  DeleteObjects: 0.180408 ms)

========================================================================
Received Prepare
Registering precompiled user dll's ...
Registered in 0.000589 seconds.
Begin MonoManager ReloadAssembly
Native extension for OSXStandalone target not found
Native extension for WebGL target not found
Refreshing native plugins compatible for Editor in 0.45 ms, found 2 plugins.
Preloading 0 native plugins for Editor in 0.00 ms.
Invoked RoslynAnalysisRunner static constructor.
RoslynAnalysisRunner will not be running.
RoslynAnalysisRunner has terminated.
Mono: successfully reloaded assembly
- Completed reload, in  0.987 seconds
Platform modules already initialized, skipping
Refreshing native plugins compatible for Editor in 0.36 ms, found 2 plugins.
Preloading 0 native plugins for Editor in 0.00 ms.
Unloading 1804 Unused Serialized files (Serialized files now loaded: 0)
System memory in use before: 178.6 MB.
System memory in use after: 178.6 MB.

Unloading 12 unused Assets to reduce memory usage. Loaded Objects now: 2413.
Total: 2.492086 ms (FindLiveObjects: 0.304117 ms CreateObjectMapping: 0.092043 ms MarkObjects: 1.959892 ms  DeleteObjects: 0.134472 ms)

========================================================================
Received Prepare
Registering precompiled user dll's ...
Registered in 0.000576 seconds.
Begin MonoManager ReloadAssembly
Native extension for OSXStandalone target not found
Native extension for WebGL target not found
Refreshing native plugins compatible for Editor in 0.36 ms, found 2 plugins.
Preloading 0 native plugins for Editor in 0.00 ms.
Invoked RoslynAnalysisRunner static constructor.
RoslynAnalysisRunner will not be running.
RoslynAnalysisRunner has terminated.
Mono: successfully reloaded assembly
- Completed reload, in  1.011 seconds
Platform modules already initialized, skipping
Refreshing native plugins compatible for Editor in 0.36 ms, found 2 plugins.
Preloading 0 native plugins for Editor in 0.00 ms.
Unloading 1804 Unused Serialized files (Serialized files now loaded: 0)
System memory in use before: 178.8 MB.
System memory in use after: 178.8 MB.

Unloading 12 unused Assets to reduce memory usage. Loaded Objects now: 2417.
Total: 2.605151 ms (FindLiveObjects: 0.296300 ms CreateObjectMapping: 0.096111 ms MarkObjects: 2.079392 ms  DeleteObjects: 0.131430 ms)

========================================================================
Received Prepare
Registering precompiled user dll's ...
Registered in 0.000583 seconds.
Begin MonoManager ReloadAssembly
Native extension for OSXStandalone target not found
Native extension for WebGL target not found
Refreshing native plugins compatible for Editor in 0.37 ms, found 2 plugins.
Preloading 0 native plugins for Editor in 0.00 ms.
Invoked RoslynAnalysisRunner static constructor.
RoslynAnalysisRunner will not be running.
RoslynAnalysisRunner has terminated.
Mono: successfully reloaded assembly
- Completed reload, in  0.990 seconds
Platform modules already initialized, skipping
Refreshing native plugins compatible for Editor in 0.39 ms, found 2 plugins.
Preloading 0 native plugins for Editor in 0.00 ms.
Unloading 1804 Unused Serialized files (Serialized files now loaded: 0)
System memory in use before: 179.0 MB.
System memory in use after: 179.0 MB.

Unloading 12 unused Assets to reduce memory usage. Loaded Objects now: 2421.
Total: 2.279078 ms (FindLiveObjects: 0.300082 ms CreateObjectMapping: 0.079573 ms MarkObjects: 1.788417 ms  DeleteObjects: 0.109810 ms)

========================================================================
Received Prepare
Registering precompiled user dll's ...
Registered in 0.001618 seconds.
Begin MonoManager ReloadAssembly
Native extension for OSXStandalone target not found
Native extension for WebGL target not found
Refreshing native plugins compatible for Editor in 0.38 ms, found 2 plugins.
Preloading 0 native plugins for Editor in 0.00 ms.
Invoked RoslynAnalysisRunner static constructor.
RoslynAnalysisRunner will not be running.
RoslynAnalysisRunner has terminated.
Mono: successfully reloaded assembly
- Completed reload, in  1.000 seconds
Platform modules already initialized, skipping
Refreshing native plugins compatible for Editor in 0.37 ms, found 2 plugins.
Preloading 0 native plugins for Editor in 0.00 ms.
Unloading 1804 Unused Serialized files (Serialized files now loaded: 0)
System memory in use before: 179.2 MB.
System memory in use after: 179.2 MB.

Unloading 12 unused Assets to reduce memory usage. Loaded Objects now: 2425.
Total: 2.456089 ms (FindLiveObjects: 0.294484 ms CreateObjectMapping: 0.096342 ms MarkObjects: 1.935004 ms  DeleteObjects: 0.128861 ms)

========================================================================
Received Import Request.
  Time since last request: 320.407341 seconds.
  path: Assets/Scenes/play.unity
  artifactKey: Guid(d1317a70b9d2141979509283840c9a2a) Importer(815301076,1909f56bfc062723c751e8b465ee728b)
Start importing Assets/Scenes/play.unity using Guid(d1317a70b9d2141979509283840c9a2a) Importer(815301076,1909f56bfc062723c751e8b465ee728b)  -> (artifact id: 'e81ccdfb24a6ae7b532ab7c585eba5f1') in 0.015510 seconds
  Import took 0.022614 seconds .

========================================================================
Received Import Request.
  Time since last request: 20.059606 seconds.
  path: Assets/Scenes/select.unity
  artifactKey: Guid(9a444e0a9627f486fb8149f044b4b8b9) Importer(815301076,1909f56bfc062723c751e8b465ee728b)
Start importing Assets/Scenes/select.unity using Guid(9a444e0a9627f486fb8149f044b4b8b9) Importer(815301076,1909f56bfc062723c751e8b465ee728b)  -> (artifact id: 'bdc7e822df09bf9cff02fc9ef6593f07') in 0.002353 seconds
  Import took 0.012506 seconds .

========================================================================
Received Import Request.
  Time since last request: 6.409574 seconds.
  path: Assets/Scenes/play.unity
  artifactKey: Guid(d1317a70b9d2141979509283840c9a2a) Importer(815301076,1909f56bfc062723c751e8b465ee728b)
Start importing Assets/Scenes/play.unity using Guid(d1317a70b9d2141979509283840c9a2a) Importer(815301076,1909f56bfc062723c751e8b465ee728b)  -> (artifact id: 'ccb4fb436b0901569d740c62306bae7d') in 0.003080 seconds
  Import took 0.009134 seconds .

========================================================================
Received Import Request.
  Time since last request: 0.001355 seconds.
  path: Assets/Scenes/play.unity
  artifactKey: Guid(d1317a70b9d2141979509283840c9a2a) Importer(815301076,1909f56bfc062723c751e8b465ee728b)
Start importing Assets/Scenes/play.unity using Guid(d1317a70b9d2141979509283840c9a2a) Importer(815301076,1909f56bfc062723c751e8b465ee728b)  -> (artifact id: 'ccb4fb436b0901569d740c62306bae7d') in 0.001809 seconds
  Import took 0.009185 seconds .

========================================================================
Received Import Request.
  Time since last request: 501.401544 seconds.
  path: Assets/Low Poly Fruits/Materials
  artifactKey: Guid(6f78c213d4e3a254993460c3ca2bf8ce) Importer(815301076,1909f56bfc062723c751e8b465ee728b)
Start importing Assets/Low Poly Fruits/Materials using Guid(6f78c213d4e3a254993460c3ca2bf8ce) Importer(815301076,1909f56bfc062723c751e8b465ee728b)  -> (artifact id: '39ce69cee1bf7f2a11b9820e10121c38') in 0.002375 seconds
  Import took 0.007153 seconds .

